[0.462s] Invoking command in '/home/dangthehung/ros2_ws/build/turtlesim': CMAKE_PREFIX_PATH=${CMAKE_PREFIX_PATH}:/home/dangthehung/ros2_ws/install/stereo_vision:/home/dangthehung/ros2_ws/install/camera:/opt/ros/jazzy DEBUGINFOD_URLS=https://debuginfod.ubuntu.com PS1=(myenv) \[\e]0;\u@\h: \w\a\]${debian_chroot:+($debian_chroot)}\[\033[01;32m\]\u@\h\[\033[00m\]:\[\033[01;34m\]\w\[\033[00m\]\$ VIRTUAL_ENV_PROMPT=(myenv) /usr/bin/cmake /home/dangthehung/ros2_ws/src/ros_tutorials/turtlesim -DAMENT_CMAKE_SYMLINK_INSTALL=1 -DCMAKE_INSTALL_PREFIX=/home/dangthehung/ros2_ws/install/turtlesim
[0.519s] -- Found ament_cmake: 2.5.2 (/opt/ros/jazzy/share/ament_cmake/cmake)
[0.577s] -- Found Python3: /usr/bin/python3 (found version "3.12.3") found components: Interpreter 
[0.743s] -- Override CMake install command with custom implementation using symlinks instead of copying resources
[0.789s] -- Found ament_index_cpp: 1.8.1 (/opt/ros/jazzy/share/ament_index_cpp/cmake)
[0.793s] -- Found geometry_msgs: 5.3.5 (/opt/ros/jazzy/share/geometry_msgs/cmake)
[0.860s] -- Found rosidl_generator_c: 4.6.3 (/opt/ros/jazzy/share/rosidl_generator_c/cmake)
[0.892s] -- Found rosidl_generator_cpp: 4.6.3 (/opt/ros/jazzy/share/rosidl_generator_cpp/cmake)
[0.921s] -- Using all available rosidl_typesupport_c: rosidl_typesupport_fastrtps_c;rosidl_typesupport_introspection_c
[0.954s] -- Using all available rosidl_typesupport_cpp: rosidl_typesupport_fastrtps_cpp;rosidl_typesupport_introspection_cpp
[1.070s] -- Found rcl_interfaces: 2.0.2 (/opt/ros/jazzy/share/rcl_interfaces/cmake)
[1.156s] -- Found rclcpp: 28.1.3 (/opt/ros/jazzy/share/rclcpp/cmake)
[1.209s] -- Found rmw_implementation_cmake: 7.3.1 (/opt/ros/jazzy/share/rmw_implementation_cmake/cmake)
[1.215s] -- Found rmw_fastrtps_cpp: 8.4.1 (/opt/ros/jazzy/share/rmw_fastrtps_cpp/cmake)
[1.363s] -- Using RMW implementation 'rmw_fastrtps_cpp' as default
[1.503s] -- Found rclcpp_action: 28.1.3 (/opt/ros/jazzy/share/rclcpp_action/cmake)
[1.596s] -- Found rosidl_default_generators: 1.6.0 (/opt/ros/jazzy/share/rosidl_default_generators/cmake)
[1.626s] -- Found rosidl_adapter: 4.6.3 (/opt/ros/jazzy/share/rosidl_adapter/cmake)
[1.632s] -- Found std_srvs: 5.3.5 (/opt/ros/jazzy/share/std_srvs/cmake)
[2.379s] -- Found ament_cmake_ros: 0.12.0 (/opt/ros/jazzy/share/ament_cmake_ros/cmake)
[2.787s] -- Using all available rosidl_typesupport_c: rosidl_typesupport_fastrtps_c;rosidl_typesupport_introspection_c
[2.918s] -- Using all available rosidl_typesupport_cpp: rosidl_typesupport_fastrtps_cpp;rosidl_typesupport_introspection_cpp
[2.922s] -- Found python_cmake_module: 0.11.1 (/opt/ros/jazzy/share/python_cmake_module/cmake)
[3.482s] -- Found Python3: /usr/bin/python3 (found version "3.12.3") found components: Interpreter Development NumPy Development.Module Development.Embed 
[3.530s] -- Found ament_lint_auto: 0.17.1 (/opt/ros/jazzy/share/ament_lint_auto/cmake)
[3.609s] -- Added test 'copyright' to check source files copyright and LICENSE
[3.614s] -- Added test 'cppcheck' to perform static code analysis on C / C++ code
[3.618s] -- Configured cppcheck include dirs: /home/dangthehung/ros2_ws/src/ros_tutorials/turtlesim/include
[3.618s] -- Configured cppcheck exclude dirs and/or files: 
[3.623s] -- Added test 'cpplint' to check C / C++ code against the Google style
[3.623s] -- Configured cpplint exclude dirs and/or files: 
[3.624s] -- Added test 'flake8' to check Python code syntax and style conventions
[3.624s] -- Configured 'flake8' exclude dirs and/or files: 
[3.626s] -- Added test 'lint_cmake' to check CMake code style
[3.628s] -- Added test 'pep257' to check Python code against some of the docstring style conventions in PEP 257
[3.631s] -- Added test 'uncrustify' to check C / C++ code style
[3.631s] -- Configured uncrustify additional arguments: 
[3.632s] -- Added test 'xmllint' to check XML markup files
[3.640s] -- Configuring done (3.1s)
[3.826s] -- Generating done (0.1s)
[3.833s] -- Build files have been written to: /home/dangthehung/ros2_ws/build/turtlesim
[3.855s] Invoked command in '/home/dangthehung/ros2_ws/build/turtlesim' returned '0': CMAKE_PREFIX_PATH=${CMAKE_PREFIX_PATH}:/home/dangthehung/ros2_ws/install/stereo_vision:/home/dangthehung/ros2_ws/install/camera:/opt/ros/jazzy DEBUGINFOD_URLS=https://debuginfod.ubuntu.com PS1=(myenv) \[\e]0;\u@\h: \w\a\]${debian_chroot:+($debian_chroot)}\[\033[01;32m\]\u@\h\[\033[00m\]:\[\033[01;34m\]\w\[\033[00m\]\$ VIRTUAL_ENV_PROMPT=(myenv) /usr/bin/cmake /home/dangthehung/ros2_ws/src/ros_tutorials/turtlesim -DAMENT_CMAKE_SYMLINK_INSTALL=1 -DCMAKE_INSTALL_PREFIX=/home/dangthehung/ros2_ws/install/turtlesim
[3.859s] Invoking command in '/home/dangthehung/ros2_ws/build/turtlesim': CMAKE_PREFIX_PATH=${CMAKE_PREFIX_PATH}:/home/dangthehung/ros2_ws/install/stereo_vision:/home/dangthehung/ros2_ws/install/camera:/opt/ros/jazzy DEBUGINFOD_URLS=https://debuginfod.ubuntu.com PS1=(myenv) \[\e]0;\u@\h: \w\a\]${debian_chroot:+($debian_chroot)}\[\033[01;32m\]\u@\h\[\033[00m\]:\[\033[01;34m\]\w\[\033[00m\]\$ VIRTUAL_ENV_PROMPT=(myenv) /usr/bin/cmake --build /home/dangthehung/ros2_ws/build/turtlesim -- -j4 -l4
[3.958s] [  0%] Built target turtlesim__rosidl_generator_type_description
[3.960s] failed to create symbolic link '/home/dangthehung/ros2_ws/build/turtlesim/ament_cmake_python/turtlesim/turtlesim' because existing path cannot be removed: Is a directory
[3.963s] gmake[2]: *** [CMakeFiles/ament_cmake_python_symlink_turtlesim.dir/build.make:70: CMakeFiles/ament_cmake_python_symlink_turtlesim] Error 1
[3.965s] gmake[1]: *** [CMakeFiles/Makefile2:460: CMakeFiles/ament_cmake_python_symlink_turtlesim.dir/all] Error 2
[3.965s] gmake[1]: *** Waiting for unfinished jobs....
[3.999s] [  1%] Built target turtlesim__cpp
[4.037s] [ 24%] Built target turtlesim__rosidl_generator_c
[4.039s] gmake: *** [Makefile:146: all] Error 2
[4.043s] Invoked command in '/home/dangthehung/ros2_ws/build/turtlesim' returned '2': CMAKE_PREFIX_PATH=${CMAKE_PREFIX_PATH}:/home/dangthehung/ros2_ws/install/stereo_vision:/home/dangthehung/ros2_ws/install/camera:/opt/ros/jazzy DEBUGINFOD_URLS=https://debuginfod.ubuntu.com PS1=(myenv) \[\e]0;\u@\h: \w\a\]${debian_chroot:+($debian_chroot)}\[\033[01;32m\]\u@\h\[\033[00m\]:\[\033[01;34m\]\w\[\033[00m\]\$ VIRTUAL_ENV_PROMPT=(myenv) /usr/bin/cmake --build /home/dangthehung/ros2_ws/build/turtlesim -- -j4 -l4
